<?xml version="1.0" encoding="UTF-8"?>
<!-- Generated by org.testng.reporters.JUnitReportReporter -->
<testsuite hostname="LAPTOP-PFE23NMV" failures="0" tests="1" name="extentReport.Log4j" time="0.044" errors="0" timestamp="2023-08-30T13:33:37 IST" skipped="0">
  <testcase classname="extentReport.Log4j" name="console" time="0.044"/>
</testsuite> <!-- extentReport.Log4j -->
