<?xml version="1.0" encoding="UTF-8"?>
<!-- Generated by org.testng.reporters.JUnitReportReporter -->
<testsuite hostname="LAPTOP-PFE23NMV" failures="0" tests="1" name="extentReport.Log4jInReporterArea" time="0.036" errors="0" timestamp="2023-08-30T13:50:43 IST" skipped="0">
  <testcase classname="extentReport.Log4jInReporterArea" name="report" time="0.036"/>
</testsuite> <!-- extentReport.Log4jInReporterArea -->
