<?xml version="1.0" encoding="UTF-8"?>
<!-- Generated by org.testng.reporters.JUnitReportReporter -->
<testsuite hostname="LAPTOP-PFE23NMV" failures="0" tests="1" name="extentReport.ExtentReport" time="0.479" errors="0" timestamp="2023-08-30T10:36:30 IST" skipped="0">
  <testcase classname="extentReport.ExtentReport" name="test" time="0.479"/>
</testsuite> <!-- extentReport.ExtentReport -->
