<?xml version="1.0" encoding="UTF-8"?>
<!-- Generated by org.testng.reporters.JUnitReportReporter -->
<testsuite hostname="LAPTOP-PFE23NMV" failures="0" tests="1" name="propertyFiles.Parallel" time="0.011" errors="0" timestamp="2023-08-30T14:10:57 IST" skipped="0">
  <testcase classname="propertyFiles.Parallel" name="test" time="0.011"/>
</testsuite> <!-- propertyFiles.Parallel -->
